<?xml version="1.0" encoding="UTF-8"?>
<testng-results skipped="0" failed="0" total="2" passed="2">
  <reporter-output>
  </reporter-output>
  <suite name="Default suite" duration-ms="1128" started-at="2016-08-23T23:06:55Z" finished-at="2016-08-23T23:06:57Z">
    <groups>
    </groups>
    <test name="Default test" duration-ms="1128" started-at="2016-08-23T23:06:55Z" finished-at="2016-08-23T23:06:57Z">
      <class name="github.GithubUsers">
        <test-method status="PASS" signature="getRequest()[pri:0, instance:github.GithubUsers@215be6bb]" name="getRequest" is-config="true" duration-ms="843" started-at="2016-08-23T19:06:55Z" finished-at="2016-08-23T19:06:56Z">
          <reporter-output>
          </reporter-output>
        </test-method> <!-- getRequest -->
        <test-method status="PASS" signature="testEntity()[pri:0, instance:github.GithubUsers@215be6bb]" name="testEntity" duration-ms="258" started-at="2016-08-23T19:06:56Z" finished-at="2016-08-23T19:06:57Z">
          <reporter-output>
          </reporter-output>
        </test-method> <!-- testEntity -->
        <test-method status="PASS" signature="testStatusCode()[pri:0, instance:github.GithubUsers@215be6bb]" name="testStatusCode" duration-ms="6" started-at="2016-08-23T19:06:57Z" finished-at="2016-08-23T19:06:57Z">
          <reporter-output>
          </reporter-output>
        </test-method> <!-- testStatusCode -->
      </class> <!-- github.GithubUsers -->
    </test> <!-- Default test -->
  </suite> <!-- Default suite -->
</testng-results>
